[19-Oct-2019 14:17:00 UTC] PHP Parse error:  syntax error, unexpected '%', expecting identifier (T_STRING) in phar:///usr/local/bin/wp/vendor/rmccue/requests/library/Requests.php on line 47
[19-Oct-2019 14:17:01 UTC] PHP Parse error:  syntax error, unexpected '<', expecting end of file in phar:///usr/local/bin/wp/vendor/wp-cli/wp-cli/php/WP_CLI/SynopsisValidator.php on line 92
[19-Oct-2019 16:47:30 UTC] PHP Fatal error:  Uncaught Error: Call to undefined function get_template_uri() in /app/public/wp-content/themes/gymfitnesss/header.php:14
Stack trace:
#0 /app/public/wp-includes/template.php(722): require_once()
#1 /app/public/wp-includes/template.php(671): load_template('/app/public/wp-...', true)
#2 /app/public/wp-includes/general-template.php(41): locate_template(Array, true)
#3 /app/public/wp-content/themes/gymfitnesss/single.php(1): get_header()
#4 /app/public/wp-includes/template-loader.php(78): include('/app/public/wp-...')
#5 /app/public/wp-blog-header.php(19): require_once('/app/public/wp-...')
#6 /app/public/index.php(17): require('/app/public/wp-...')
#7 {main}
  thrown in /app/public/wp-content/themes/gymfitnesss/header.php on line 14
[19-Oct-2019 18:11:54 UTC] PHP Fatal error:  Uncaught Error: Call to undefined function arraty() in /app/public/wp-content/themes/gymfitnesss/functions.php:19
Stack trace:
#0 /app/public/wp-includes/class-wp-hook.php(286): gymfitness_scripts_styles('')
#1 /app/public/wp-includes/class-wp-hook.php(310): WP_Hook->apply_filters(NULL, Array)
#2 /app/public/wp-includes/plugin.php(465): WP_Hook->do_action(Array)
#3 /app/public/wp-includes/script-loader.php(2537): do_action('wp_enqueue_scri...')
#4 /app/public/wp-includes/class-wp-hook.php(286): wp_enqueue_scripts('')
#5 /app/public/wp-includes/class-wp-hook.php(310): WP_Hook->apply_filters(NULL, Array)
#6 /app/public/wp-includes/plugin.php(465): WP_Hook->do_action(Array)
#7 /app/public/wp-includes/general-template.php(2745): do_action('wp_head')
#8 /app/public/wp-content/themes/gymfitnesss/header.php(8): wp_head()
#9 /app/public/wp-includes/template.php(722): require_once('/app/public/wp-...')
#10 /app/public/wp-includes/template.php(671): load_template('/app/public/wp-...', true)
#11 /app/public/wp-includes/ in /app/public/wp-content/themes/gymfitnesss/functions.php on line 19
[20-Oct-2019 00:05:16 UTC] PHP Fatal error:  Uncaught Error: Call to undefined function get_template_directori_uri() in /app/public/wp-content/themes/gymfitnesss/functions.php:19
Stack trace:
#0 /app/public/wp-includes/class-wp-hook.php(286): gymfitness_scripts_styles('')
#1 /app/public/wp-includes/class-wp-hook.php(310): WP_Hook->apply_filters(NULL, Array)
#2 /app/public/wp-includes/plugin.php(465): WP_Hook->do_action(Array)
#3 /app/public/wp-includes/script-loader.php(2537): do_action('wp_enqueue_scri...')
#4 /app/public/wp-includes/class-wp-hook.php(286): wp_enqueue_scripts('')
#5 /app/public/wp-includes/class-wp-hook.php(310): WP_Hook->apply_filters(NULL, Array)
#6 /app/public/wp-includes/plugin.php(465): WP_Hook->do_action(Array)
#7 /app/public/wp-includes/general-template.php(2745): do_action('wp_head')
#8 /app/public/wp-content/themes/gymfitnesss/header.php(8): wp_head()
#9 /app/public/wp-includes/template.php(722): require_once('/app/public/wp-...')
#10 /app/public/wp-includes/template.php(671): load_template('/app/public/wp-...', true)
#11 /app in /app/public/wp-content/themes/gymfitnesss/functions.php on line 19
[20-Oct-2019 00:06:00 UTC] PHP Fatal error:  Uncaught Error: Call to undefined function get_template_directori_uri() in /app/public/wp-content/themes/gymfitnesss/functions.php:19
Stack trace:
#0 /app/public/wp-includes/class-wp-hook.php(286): gymfitness_scripts_styles('')
#1 /app/public/wp-includes/class-wp-hook.php(310): WP_Hook->apply_filters(NULL, Array)
#2 /app/public/wp-includes/plugin.php(465): WP_Hook->do_action(Array)
#3 /app/public/wp-includes/script-loader.php(2537): do_action('wp_enqueue_scri...')
#4 /app/public/wp-includes/class-wp-hook.php(286): wp_enqueue_scripts('')
#5 /app/public/wp-includes/class-wp-hook.php(310): WP_Hook->apply_filters(NULL, Array)
#6 /app/public/wp-includes/plugin.php(465): WP_Hook->do_action(Array)
#7 /app/public/wp-includes/general-template.php(2745): do_action('wp_head')
#8 /app/public/wp-content/themes/gymfitnesss/header.php(8): wp_head()
#9 /app/public/wp-includes/template.php(722): require_once('/app/public/wp-...')
#10 /app/public/wp-includes/template.php(671): load_template('/app/public/wp-...', true)
#11 /app in /app/public/wp-content/themes/gymfitnesss/functions.php on line 19
[20-Oct-2019 00:06:10 UTC] PHP Fatal error:  Uncaught Error: Call to undefined function get_template_directori_uri() in /app/public/wp-content/themes/gymfitnesss/functions.php:19
Stack trace:
#0 /app/public/wp-includes/class-wp-hook.php(286): gymfitness_scripts_styles('')
#1 /app/public/wp-includes/class-wp-hook.php(310): WP_Hook->apply_filters(NULL, Array)
#2 /app/public/wp-includes/plugin.php(465): WP_Hook->do_action(Array)
#3 /app/public/wp-includes/script-loader.php(2537): do_action('wp_enqueue_scri...')
#4 /app/public/wp-includes/class-wp-hook.php(286): wp_enqueue_scripts('')
#5 /app/public/wp-includes/class-wp-hook.php(310): WP_Hook->apply_filters(NULL, Array)
#6 /app/public/wp-includes/plugin.php(465): WP_Hook->do_action(Array)
#7 /app/public/wp-includes/general-template.php(2745): do_action('wp_head')
#8 /app/public/wp-content/themes/gymfitnesss/header.php(8): wp_head()
#9 /app/public/wp-includes/template.php(722): require_once('/app/public/wp-...')
#10 /app/public/wp-includes/template.php(671): load_template('/app/public/wp-...', true)
#11 /app in /app/public/wp-content/themes/gymfitnesss/functions.php on line 19
[20-Oct-2019 00:07:37 UTC] PHP Fatal error:  Uncaught Error: Call to undefined function get_template_directori_uri() in /app/public/wp-content/themes/gymfitnesss/functions.php:19
Stack trace:
#0 /app/public/wp-includes/class-wp-hook.php(286): gymfitness_scripts_styles('')
#1 /app/public/wp-includes/class-wp-hook.php(310): WP_Hook->apply_filters(NULL, Array)
#2 /app/public/wp-includes/plugin.php(465): WP_Hook->do_action(Array)
#3 /app/public/wp-includes/script-loader.php(2537): do_action('wp_enqueue_scri...')
#4 /app/public/wp-includes/class-wp-hook.php(286): wp_enqueue_scripts('')
#5 /app/public/wp-includes/class-wp-hook.php(310): WP_Hook->apply_filters(NULL, Array)
#6 /app/public/wp-includes/plugin.php(465): WP_Hook->do_action(Array)
#7 /app/public/wp-includes/general-template.php(2745): do_action('wp_head')
#8 /app/public/wp-content/themes/gymfitnesss/header.php(8): wp_head()
#9 /app/public/wp-includes/template.php(722): require_once('/app/public/wp-...')
#10 /app/public/wp-includes/template.php(671): load_template('/app/public/wp-...', true)
#11 /app in /app/public/wp-content/themes/gymfitnesss/functions.php on line 19
[20-Oct-2019 00:07:57 UTC] PHP Fatal error:  Uncaught Error: Call to undefined function get_template_directori_uri() in /app/public/wp-content/themes/gymfitnesss/functions.php:19
Stack trace:
#0 /app/public/wp-includes/class-wp-hook.php(286): gymfitness_scripts_styles('')
#1 /app/public/wp-includes/class-wp-hook.php(310): WP_Hook->apply_filters(NULL, Array)
#2 /app/public/wp-includes/plugin.php(465): WP_Hook->do_action(Array)
#3 /app/public/wp-includes/script-loader.php(2537): do_action('wp_enqueue_scri...')
#4 /app/public/wp-includes/class-wp-hook.php(286): wp_enqueue_scripts('')
#5 /app/public/wp-includes/class-wp-hook.php(310): WP_Hook->apply_filters(NULL, Array)
#6 /app/public/wp-includes/plugin.php(465): WP_Hook->do_action(Array)
#7 /app/public/wp-includes/general-template.php(2745): do_action('wp_head')
#8 /app/public/wp-content/themes/gymfitnesss/header.php(8): wp_head()
#9 /app/public/wp-includes/template.php(722): require_once('/app/public/wp-...')
#10 /app/public/wp-includes/template.php(671): load_template('/app/public/wp-...', true)
#11 /app in /app/public/wp-content/themes/gymfitnesss/functions.php on line 19
[20-Oct-2019 00:24:07 UTC] PHP Fatal error:  Uncaught Error: Call to undefined function get_template_directori_uri() in /app/public/wp-content/themes/gymfitnesss/functions.php:19
Stack trace:
#0 /app/public/wp-includes/class-wp-hook.php(286): gymfitness_scripts_styles('')
#1 /app/public/wp-includes/class-wp-hook.php(310): WP_Hook->apply_filters(NULL, Array)
#2 /app/public/wp-includes/plugin.php(465): WP_Hook->do_action(Array)
#3 /app/public/wp-includes/script-loader.php(2537): do_action('wp_enqueue_scri...')
#4 /app/public/wp-includes/class-wp-hook.php(286): wp_enqueue_scripts('')
#5 /app/public/wp-includes/class-wp-hook.php(310): WP_Hook->apply_filters(NULL, Array)
#6 /app/public/wp-includes/plugin.php(465): WP_Hook->do_action(Array)
#7 /app/public/wp-includes/general-template.php(2745): do_action('wp_head')
#8 /app/public/wp-content/themes/gymfitnesss/header.php(8): wp_head()
#9 /app/public/wp-includes/template.php(722): require_once('/app/public/wp-...')
#10 /app/public/wp-includes/template.php(671): load_template('/app/public/wp-...', true)
#11 /app in /app/public/wp-content/themes/gymfitnesss/functions.php on line 19
[20-Oct-2019 00:26:46 UTC] PHP Fatal error:  Uncaught Error: Call to undefined function get_stylesheet_directori_uri() in /app/public/wp-content/themes/gymfitnesss/functions.php:19
Stack trace:
#0 /app/public/wp-includes/class-wp-hook.php(286): gymfitness_scripts_styles('')
#1 /app/public/wp-includes/class-wp-hook.php(310): WP_Hook->apply_filters(NULL, Array)
#2 /app/public/wp-includes/plugin.php(465): WP_Hook->do_action(Array)
#3 /app/public/wp-includes/script-loader.php(2537): do_action('wp_enqueue_scri...')
#4 /app/public/wp-includes/class-wp-hook.php(286): wp_enqueue_scripts('')
#5 /app/public/wp-includes/class-wp-hook.php(310): WP_Hook->apply_filters(NULL, Array)
#6 /app/public/wp-includes/plugin.php(465): WP_Hook->do_action(Array)
#7 /app/public/wp-includes/general-template.php(2745): do_action('wp_head')
#8 /app/public/wp-content/themes/gymfitnesss/header.php(8): wp_head()
#9 /app/public/wp-includes/template.php(722): require_once('/app/public/wp-...')
#10 /app/public/wp-includes/template.php(671): load_template('/app/public/wp-...', true)
#11 /a in /app/public/wp-content/themes/gymfitnesss/functions.php on line 19
[20-Oct-2019 00:26:49 UTC] PHP Fatal error:  Uncaught Error: Call to undefined function get_stylesheet_directori_uri() in /app/public/wp-content/themes/gymfitnesss/functions.php:19
Stack trace:
#0 /app/public/wp-includes/class-wp-hook.php(286): gymfitness_scripts_styles('')
#1 /app/public/wp-includes/class-wp-hook.php(310): WP_Hook->apply_filters(NULL, Array)
#2 /app/public/wp-includes/plugin.php(465): WP_Hook->do_action(Array)
#3 /app/public/wp-includes/script-loader.php(2537): do_action('wp_enqueue_scri...')
#4 /app/public/wp-includes/class-wp-hook.php(286): wp_enqueue_scripts('')
#5 /app/public/wp-includes/class-wp-hook.php(310): WP_Hook->apply_filters(NULL, Array)
#6 /app/public/wp-includes/plugin.php(465): WP_Hook->do_action(Array)
#7 /app/public/wp-includes/general-template.php(2745): do_action('wp_head')
#8 /app/public/wp-content/themes/gymfitnesss/header.php(8): wp_head()
#9 /app/public/wp-includes/template.php(722): require_once('/app/public/wp-...')
#10 /app/public/wp-includes/template.php(671): load_template('/app/public/wp-...', true)
#11 /a in /app/public/wp-content/themes/gymfitnesss/functions.php on line 19
[20-Oct-2019 00:27:43 UTC] PHP Fatal error:  Uncaught Error: Call to undefined function get_stylesheet_directori_uri() in /app/public/wp-content/themes/gymfitnesss/functions.php:19
Stack trace:
#0 /app/public/wp-includes/class-wp-hook.php(286): gymfitness_scripts_styles('')
#1 /app/public/wp-includes/class-wp-hook.php(310): WP_Hook->apply_filters(NULL, Array)
#2 /app/public/wp-includes/plugin.php(465): WP_Hook->do_action(Array)
#3 /app/public/wp-includes/script-loader.php(2537): do_action('wp_enqueue_scri...')
#4 /app/public/wp-includes/class-wp-hook.php(286): wp_enqueue_scripts('')
#5 /app/public/wp-includes/class-wp-hook.php(310): WP_Hook->apply_filters(NULL, Array)
#6 /app/public/wp-includes/plugin.php(465): WP_Hook->do_action(Array)
#7 /app/public/wp-includes/general-template.php(2745): do_action('wp_head')
#8 /app/public/wp-content/themes/gymfitnesss/header.php(8): wp_head()
#9 /app/public/wp-includes/template.php(722): require_once('/app/public/wp-...')
#10 /app/public/wp-includes/template.php(671): load_template('/app/public/wp-...', true)
#11 /a in /app/public/wp-content/themes/gymfitnesss/functions.php on line 19
[20-Oct-2019 00:28:41 UTC] PHP Fatal error:  Uncaught Error: Call to undefined function get_stylesheet_directori_uri() in /app/public/wp-content/themes/gymfitnesss/functions.php:19
Stack trace:
#0 /app/public/wp-includes/class-wp-hook.php(286): gymfitness_scripts_styles('')
#1 /app/public/wp-includes/class-wp-hook.php(310): WP_Hook->apply_filters(NULL, Array)
#2 /app/public/wp-includes/plugin.php(465): WP_Hook->do_action(Array)
#3 /app/public/wp-includes/script-loader.php(2537): do_action('wp_enqueue_scri...')
#4 /app/public/wp-includes/class-wp-hook.php(286): wp_enqueue_scripts('')
#5 /app/public/wp-includes/class-wp-hook.php(310): WP_Hook->apply_filters(NULL, Array)
#6 /app/public/wp-includes/plugin.php(465): WP_Hook->do_action(Array)
#7 /app/public/wp-includes/general-template.php(2745): do_action('wp_head')
#8 /app/public/wp-content/themes/gymfitnesss/header.php(8): wp_head()
#9 /app/public/wp-includes/template.php(722): require_once('/app/public/wp-...')
#10 /app/public/wp-includes/template.php(671): load_template('/app/public/wp-...', true)
#11 /a in /app/public/wp-content/themes/gymfitnesss/functions.php on line 19
[20-Oct-2019 00:29:52 UTC] PHP Fatal error:  Uncaught Error: Call to undefined function get_template_directori_uri() in /app/public/wp-content/themes/gymfitnesss/functions.php:19
Stack trace:
#0 /app/public/wp-includes/class-wp-hook.php(286): gymfitness_scripts_styles('')
#1 /app/public/wp-includes/class-wp-hook.php(310): WP_Hook->apply_filters(NULL, Array)
#2 /app/public/wp-includes/plugin.php(465): WP_Hook->do_action(Array)
#3 /app/public/wp-includes/script-loader.php(2537): do_action('wp_enqueue_scri...')
#4 /app/public/wp-includes/class-wp-hook.php(286): wp_enqueue_scripts('')
#5 /app/public/wp-includes/class-wp-hook.php(310): WP_Hook->apply_filters(NULL, Array)
#6 /app/public/wp-includes/plugin.php(465): WP_Hook->do_action(Array)
#7 /app/public/wp-includes/general-template.php(2745): do_action('wp_head')
#8 /app/public/wp-content/themes/gymfitnesss/header.php(8): wp_head()
#9 /app/public/wp-includes/template.php(722): require_once('/app/public/wp-...')
#10 /app/public/wp-includes/template.php(671): load_template('/app/public/wp-...', true)
#11 /app in /app/public/wp-content/themes/gymfitnesss/functions.php on line 19
[20-Oct-2019 00:30:02 UTC] PHP Fatal error:  Uncaught Error: Call to undefined function get_template_directori() in /app/public/wp-content/themes/gymfitnesss/functions.php:26
Stack trace:
#0 /app/public/wp-includes/class-wp-hook.php(286): gymfitness_scripts_styles('')
#1 /app/public/wp-includes/class-wp-hook.php(310): WP_Hook->apply_filters(NULL, Array)
#2 /app/public/wp-includes/plugin.php(465): WP_Hook->do_action(Array)
#3 /app/public/wp-includes/script-loader.php(2537): do_action('wp_enqueue_scri...')
#4 /app/public/wp-includes/class-wp-hook.php(286): wp_enqueue_scripts('')
#5 /app/public/wp-includes/class-wp-hook.php(310): WP_Hook->apply_filters(NULL, Array)
#6 /app/public/wp-includes/plugin.php(465): WP_Hook->do_action(Array)
#7 /app/public/wp-includes/general-template.php(2745): do_action('wp_head')
#8 /app/public/wp-content/themes/gymfitnesss/header.php(8): wp_head()
#9 /app/public/wp-includes/template.php(722): require_once('/app/public/wp-...')
#10 /app/public/wp-includes/template.php(671): load_template('/app/public/wp-...', true)
#11 /app/pub in /app/public/wp-content/themes/gymfitnesss/functions.php on line 26
[20-Oct-2019 00:30:47 UTC] PHP Fatal error:  Uncaught Error: Call to undefined function get_template_directori_uri() in /app/public/wp-content/themes/gymfitnesss/functions.php:19
Stack trace:
#0 /app/public/wp-includes/class-wp-hook.php(286): gymfitness_scripts_styles('')
#1 /app/public/wp-includes/class-wp-hook.php(310): WP_Hook->apply_filters(NULL, Array)
#2 /app/public/wp-includes/plugin.php(465): WP_Hook->do_action(Array)
#3 /app/public/wp-includes/script-loader.php(2537): do_action('wp_enqueue_scri...')
#4 /app/public/wp-includes/class-wp-hook.php(286): wp_enqueue_scripts('')
#5 /app/public/wp-includes/class-wp-hook.php(310): WP_Hook->apply_filters(NULL, Array)
#6 /app/public/wp-includes/plugin.php(465): WP_Hook->do_action(Array)
#7 /app/public/wp-includes/general-template.php(2745): do_action('wp_head')
#8 /app/public/wp-content/themes/gymfitnesss/header.php(8): wp_head()
#9 /app/public/wp-includes/template.php(722): require_once('/app/public/wp-...')
#10 /app/public/wp-includes/template.php(671): load_template('/app/public/wp-...', true)
#11 /app in /app/public/wp-content/themes/gymfitnesss/functions.php on line 19
[20-Oct-2019 00:31:13 UTC] PHP Fatal error:  Uncaught Error: Call to undefined function get_template_directori_uri() in /app/public/wp-content/themes/gymfitnesss/functions.php:19
Stack trace:
#0 /app/public/wp-includes/class-wp-hook.php(286): gymfitness_scripts_styles('')
#1 /app/public/wp-includes/class-wp-hook.php(310): WP_Hook->apply_filters(NULL, Array)
#2 /app/public/wp-includes/plugin.php(465): WP_Hook->do_action(Array)
#3 /app/public/wp-includes/script-loader.php(2537): do_action('wp_enqueue_scri...')
#4 /app/public/wp-includes/class-wp-hook.php(286): wp_enqueue_scripts('')
#5 /app/public/wp-includes/class-wp-hook.php(310): WP_Hook->apply_filters(NULL, Array)
#6 /app/public/wp-includes/plugin.php(465): WP_Hook->do_action(Array)
#7 /app/public/wp-includes/general-template.php(2745): do_action('wp_head')
#8 /app/public/wp-content/themes/gymfitnesss/header.php(8): wp_head()
#9 /app/public/wp-includes/template.php(722): require_once('/app/public/wp-...')
#10 /app/public/wp-includes/template.php(671): load_template('/app/public/wp-...', true)
#11 /app in /app/public/wp-content/themes/gymfitnesss/functions.php on line 19
[20-Oct-2019 00:32:00 UTC] PHP Fatal error:  Uncaught Error: Call to undefined function get_template_directori_uri() in /app/public/wp-content/themes/gymfitnesss/functions.php:19
Stack trace:
#0 /app/public/wp-includes/class-wp-hook.php(286): gymfitness_scripts_styles('')
#1 /app/public/wp-includes/class-wp-hook.php(310): WP_Hook->apply_filters(NULL, Array)
#2 /app/public/wp-includes/plugin.php(465): WP_Hook->do_action(Array)
#3 /app/public/wp-includes/script-loader.php(2537): do_action('wp_enqueue_scri...')
#4 /app/public/wp-includes/class-wp-hook.php(286): wp_enqueue_scripts('')
#5 /app/public/wp-includes/class-wp-hook.php(310): WP_Hook->apply_filters(NULL, Array)
#6 /app/public/wp-includes/plugin.php(465): WP_Hook->do_action(Array)
#7 /app/public/wp-includes/general-template.php(2745): do_action('wp_head')
#8 /app/public/wp-content/themes/gymfitnesss/header.php(8): wp_head()
#9 /app/public/wp-includes/template.php(722): require_once('/app/public/wp-...')
#10 /app/public/wp-includes/template.php(671): load_template('/app/public/wp-...', true)
#11 /app in /app/public/wp-content/themes/gymfitnesss/functions.php on line 19
[20-Oct-2019 00:32:16 UTC] PHP Fatal error:  Uncaught Error: Call to undefined function get_template_directori() in /app/public/wp-content/themes/gymfitnesss/functions.php:28
Stack trace:
#0 /app/public/wp-includes/class-wp-hook.php(286): gymfitness_scripts_styles('')
#1 /app/public/wp-includes/class-wp-hook.php(310): WP_Hook->apply_filters(NULL, Array)
#2 /app/public/wp-includes/plugin.php(465): WP_Hook->do_action(Array)
#3 /app/public/wp-includes/script-loader.php(2537): do_action('wp_enqueue_scri...')
#4 /app/public/wp-includes/class-wp-hook.php(286): wp_enqueue_scripts('')
#5 /app/public/wp-includes/class-wp-hook.php(310): WP_Hook->apply_filters(NULL, Array)
#6 /app/public/wp-includes/plugin.php(465): WP_Hook->do_action(Array)
#7 /app/public/wp-includes/general-template.php(2745): do_action('wp_head')
#8 /app/public/wp-content/themes/gymfitnesss/header.php(8): wp_head()
#9 /app/public/wp-includes/template.php(722): require_once('/app/public/wp-...')
#10 /app/public/wp-includes/template.php(671): load_template('/app/public/wp-...', true)
#11 /app/pub in /app/public/wp-content/themes/gymfitnesss/functions.php on line 28
[20-Oct-2019 00:36:20 UTC] PHP Parse error:  syntax error, unexpected ',' in /app/public/wp-content/themes/gymfitnesss/functions.php on line 30
[20-Oct-2019 02:26:14 UTC] PHP Warning:  Use of undefined constant name - assumed 'name' (this will throw an Error in a future version of PHP) in /app/public/wp-content/themes/gymfitnesss/footer.php on line 12
[20-Oct-2019 14:40:38 UTC] PHP Warning:  call_user_func_array() expects parameter 1 to be a valid callback, function 'gymfitness_clases' not found or invalid function name in /app/public/wp-includes/class-wp-hook.php on line 286
[20-Oct-2019 14:40:43 UTC] PHP Warning:  call_user_func_array() expects parameter 1 to be a valid callback, function 'gymfitness_clases' not found or invalid function name in /app/public/wp-includes/class-wp-hook.php on line 286
[20-Oct-2019 14:40:48 UTC] PHP Warning:  call_user_func_array() expects parameter 1 to be a valid callback, function 'gymfitness_clases' not found or invalid function name in /app/public/wp-includes/class-wp-hook.php on line 286
[20-Oct-2019 14:40:50 UTC] PHP Warning:  call_user_func_array() expects parameter 1 to be a valid callback, function 'gymfitness_clases' not found or invalid function name in /app/public/wp-includes/class-wp-hook.php on line 286
[20-Oct-2019 14:40:50 UTC] PHP Warning:  call_user_func_array() expects parameter 1 to be a valid callback, function 'gymfitness_clases' not found or invalid function name in /app/public/wp-includes/class-wp-hook.php on line 286
[20-Oct-2019 14:40:50 UTC] PHP Warning:  call_user_func_array() expects parameter 1 to be a valid callback, function 'gymfitness_clases' not found or invalid function name in /app/public/wp-includes/class-wp-hook.php on line 286
[20-Oct-2019 14:41:51 UTC] PHP Warning:  call_user_func_array() expects parameter 1 to be a valid callback, function 'gymfitness_clases' not found or invalid function name in /app/public/wp-includes/class-wp-hook.php on line 286
[20-Oct-2019 15:09:20 UTC] PHP Warning:  require(/app/public/wp-content/themes/gymfitnesss/inc/query.php): failed to open stream: No such file or directory in /app/public/wp-content/themes/gymfitnesss/functions.php on line 4
[20-Oct-2019 15:09:20 UTC] PHP Fatal error:  require(): Failed opening required '/app/public/wp-content/themes/gymfitnesss/inc/query.php' (include_path='.:/usr/share/php:/www/wp-content/pear') in /app/public/wp-content/themes/gymfitnesss/functions.php on line 4
[20-Oct-2019 15:09:36 UTC] PHP Warning:  require(/app/public/wp-content/themes/gymfitnesss/inc/query.php): failed to open stream: No such file or directory in /app/public/wp-content/themes/gymfitnesss/functions.php on line 4
[20-Oct-2019 15:09:36 UTC] PHP Fatal error:  require(): Failed opening required '/app/public/wp-content/themes/gymfitnesss/inc/query.php' (include_path='.:/usr/share/php:/www/wp-content/pear') in /app/public/wp-content/themes/gymfitnesss/functions.php on line 4
[20-Oct-2019 15:11:37 UTC] PHP Parse error:  syntax error, unexpected 'gymfitness_lista_clases' (T_STRING) in /app/public/wp-content/themes/gymfitnesss/inc/queries.php on line 3
[20-Oct-2019 17:42:23 UTC] PHP Parse error:  syntax error, unexpected '<' in /app/public/wp-content/themes/gymfitnesss/template-parts/paginas.php on line 11
[20-Oct-2019 21:22:33 UTC] PHP Warning:  call_user_func_array() expects parameter 1 to be a valid callback, function 'register_foo_widget' not found or invalid function name in /app/public/wp-includes/class-wp-hook.php on line 286
[20-Oct-2019 21:22:42 UTC] PHP Warning:  call_user_func_array() expects parameter 1 to be a valid callback, function 'register_foo_widget' not found or invalid function name in /app/public/wp-includes/class-wp-hook.php on line 286
[25-Oct-2019 00:40:02 UTC] PHP Fatal error:  Uncaught Error: Call to undefined function emty() in /app/public/wp-content/plugins/gymfitness_widgets/gymfitness_widget.php:83
Stack trace:
#0 /app/public/wp-includes/class-wp-widget.php(517): GymFitness_Clases_Widget->form(Array)
#1 /app/public/wp-admin/includes/widgets.php(265): WP_Widget->form_callback(Array)
#2 /app/public/wp-admin/includes/widgets.php(60): wp_widget_control(Array, Array)
#3 /app/public/wp-admin/widgets.php(442): wp_list_widgets()
#4 {main}
  thrown in /app/public/wp-content/plugins/gymfitness_widgets/gymfitness_widget.php on line 83
[25-Oct-2019 00:40:24 UTC] PHP Fatal error:  Uncaught Error: Call to undefined function emty() in /app/public/wp-content/plugins/gymfitness_widgets/gymfitness_widget.php:83
Stack trace:
#0 /app/public/wp-includes/class-wp-widget.php(517): GymFitness_Clases_Widget->form(Array)
#1 /app/public/wp-admin/includes/widgets.php(265): WP_Widget->form_callback(Array)
#2 /app/public/wp-admin/includes/widgets.php(60): wp_widget_control(Array, Array)
#3 /app/public/wp-admin/widgets.php(442): wp_list_widgets()
#4 {main}
  thrown in /app/public/wp-content/plugins/gymfitness_widgets/gymfitness_widget.php on line 83
[25-Oct-2019 00:40:28 UTC] PHP Fatal error:  Uncaught Error: Call to undefined function emty() in /app/public/wp-content/plugins/gymfitness_widgets/gymfitness_widget.php:83
Stack trace:
#0 /app/public/wp-includes/class-wp-widget.php(517): GymFitness_Clases_Widget->form(Array)
#1 /app/public/wp-admin/includes/widgets.php(265): WP_Widget->form_callback(Array)
#2 /app/public/wp-admin/includes/widgets.php(60): wp_widget_control(Array, Array)
#3 /app/public/wp-admin/widgets.php(442): wp_list_widgets()
#4 {main}
  thrown in /app/public/wp-content/plugins/gymfitness_widgets/gymfitness_widget.php on line 83
[25-Oct-2019 00:40:42 UTC] PHP Fatal error:  Uncaught Error: Call to undefined function emty() in /app/public/wp-content/plugins/gymfitness_widgets/gymfitness_widget.php:83
Stack trace:
#0 /app/public/wp-includes/class-wp-widget.php(517): GymFitness_Clases_Widget->form(Array)
#1 /app/public/wp-admin/includes/widgets.php(265): WP_Widget->form_callback(Array)
#2 /app/public/wp-includes/class-wp-customize-widgets.php(1053): wp_widget_control(Array, Array)
#3 /app/public/wp-includes/class-wp-customize-widgets.php(1001): WP_Customize_Widgets->get_widget_control(Array)
#4 /app/public/wp-includes/class-wp-customize-widgets.php(690): WP_Customize_Widgets->get_available_widgets()
#5 /app/public/wp-includes/class-wp-hook.php(286): WP_Customize_Widgets->enqueue_scripts('')
#6 /app/public/wp-includes/class-wp-hook.php(310): WP_Hook->apply_filters(NULL, Array)
#7 /app/public/wp-includes/plugin.php(465): WP_Hook->do_action(Array)
#8 /app/public/wp-admin/customize.php(123): do_action('customize_contr...')
#9 {main}
  thrown in /app/public/wp-content/plugins/gymfitness_widgets/gymfitness_widget.php on line 83
[25-Oct-2019 00:44:24 UTC] PHP Fatal error:  Uncaught Error: Call to undefined function emty() in /app/public/wp-content/plugins/gymfitness_widgets/gymfitness_widget.php:83
Stack trace:
#0 /app/public/wp-includes/class-wp-widget.php(517): GymFitness_Clases_Widget->form(Array)
#1 /app/public/wp-admin/includes/widgets.php(265): WP_Widget->form_callback(Array)
#2 /app/public/wp-admin/includes/widgets.php(60): wp_widget_control(Array, Array)
#3 /app/public/wp-admin/widgets.php(442): wp_list_widgets()
#4 {main}
  thrown in /app/public/wp-content/plugins/gymfitness_widgets/gymfitness_widget.php on line 83
[25-Oct-2019 00:46:18 UTC] PHP Fatal error:  Uncaught Error: Call to undefined function esc_arrt_e() in /app/public/wp-content/plugins/gymfitness_widgets/gymfitness_widget.php:87
Stack trace:
#0 /app/public/wp-includes/class-wp-widget.php(517): GymFitness_Clases_Widget->form(Array)
#1 /app/public/wp-admin/includes/widgets.php(265): WP_Widget->form_callback(Array)
#2 /app/public/wp-admin/includes/widgets.php(60): wp_widget_control(Array, Array)
#3 /app/public/wp-admin/widgets.php(442): wp_list_widgets()
#4 {main}
  thrown in /app/public/wp-content/plugins/gymfitness_widgets/gymfitness_widget.php on line 87
[25-Oct-2019 00:46:26 UTC] PHP Fatal error:  Uncaught Error: Call to undefined function esc_arrt_e() in /app/public/wp-content/plugins/gymfitness_widgets/gymfitness_widget.php:87
Stack trace:
#0 /app/public/wp-includes/class-wp-widget.php(517): GymFitness_Clases_Widget->form(Array)
#1 /app/public/wp-admin/includes/widgets.php(265): WP_Widget->form_callback(Array)
#2 /app/public/wp-includes/class-wp-customize-widgets.php(1053): wp_widget_control(Array, Array)
#3 /app/public/wp-includes/class-wp-customize-widgets.php(1001): WP_Customize_Widgets->get_widget_control(Array)
#4 /app/public/wp-includes/class-wp-customize-widgets.php(690): WP_Customize_Widgets->get_available_widgets()
#5 /app/public/wp-includes/class-wp-hook.php(286): WP_Customize_Widgets->enqueue_scripts('')
#6 /app/public/wp-includes/class-wp-hook.php(310): WP_Hook->apply_filters(NULL, Array)
#7 /app/public/wp-includes/plugin.php(465): WP_Hook->do_action(Array)
#8 /app/public/wp-admin/customize.php(123): do_action('customize_contr...')
#9 {main}
  thrown in /app/public/wp-content/plugins/gymfitness_widgets/gymfitness_widget.php on line 87
[25-Oct-2019 00:48:29 UTC] PHP Fatal error:  Uncaught Error: Call to undefined function esc_arrt_e() in /app/public/wp-content/plugins/gymfitness_widgets/gymfitness_widget.php:86
Stack trace:
#0 /app/public/wp-includes/class-wp-widget.php(517): GymFitness_Clases_Widget->form(Array)
#1 /app/public/wp-admin/includes/widgets.php(265): WP_Widget->form_callback(Array)
#2 /app/public/wp-includes/class-wp-customize-widgets.php(1053): wp_widget_control(Array, Array)
#3 /app/public/wp-includes/class-wp-customize-widgets.php(1001): WP_Customize_Widgets->get_widget_control(Array)
#4 /app/public/wp-includes/class-wp-customize-widgets.php(690): WP_Customize_Widgets->get_available_widgets()
#5 /app/public/wp-includes/class-wp-hook.php(286): WP_Customize_Widgets->enqueue_scripts('')
#6 /app/public/wp-includes/class-wp-hook.php(310): WP_Hook->apply_filters(NULL, Array)
#7 /app/public/wp-includes/plugin.php(465): WP_Hook->do_action(Array)
#8 /app/public/wp-admin/customize.php(123): do_action('customize_contr...')
#9 {main}
  thrown in /app/public/wp-content/plugins/gymfitness_widgets/gymfitness_widget.php on line 86
[25-Oct-2019 00:48:31 UTC] PHP Fatal error:  Uncaught Error: Call to undefined function esc_arrt_e() in /app/public/wp-content/plugins/gymfitness_widgets/gymfitness_widget.php:86
Stack trace:
#0 /app/public/wp-includes/class-wp-widget.php(517): GymFitness_Clases_Widget->form(Array)
#1 /app/public/wp-admin/includes/widgets.php(265): WP_Widget->form_callback(Array)
#2 /app/public/wp-admin/includes/widgets.php(60): wp_widget_control(Array, Array)
#3 /app/public/wp-admin/widgets.php(442): wp_list_widgets()
#4 {main}
  thrown in /app/public/wp-content/plugins/gymfitness_widgets/gymfitness_widget.php on line 86
[25-Oct-2019 00:49:55 UTC] PHP Fatal error:  Uncaught Error: Call to undefined function esc_arrt_e() in /app/public/wp-content/plugins/gymfitness_widgets/gymfitness_widget.php:86
Stack trace:
#0 /app/public/wp-includes/class-wp-widget.php(517): GymFitness_Clases_Widget->form(Array)
#1 /app/public/wp-admin/includes/widgets.php(265): WP_Widget->form_callback(Array)
#2 /app/public/wp-admin/includes/widgets.php(60): wp_widget_control(Array, Array)
#3 /app/public/wp-admin/widgets.php(442): wp_list_widgets()
#4 {main}
  thrown in /app/public/wp-content/plugins/gymfitness_widgets/gymfitness_widget.php on line 86
[25-Oct-2019 00:49:58 UTC] PHP Fatal error:  Uncaught Error: Call to undefined function esc_arrt_e() in /app/public/wp-content/plugins/gymfitness_widgets/gymfitness_widget.php:86
Stack trace:
#0 /app/public/wp-includes/class-wp-widget.php(517): GymFitness_Clases_Widget->form(Array)
#1 /app/public/wp-admin/includes/widgets.php(265): WP_Widget->form_callback(Array)
#2 /app/public/wp-includes/class-wp-customize-widgets.php(1053): wp_widget_control(Array, Array)
#3 /app/public/wp-includes/class-wp-customize-widgets.php(1001): WP_Customize_Widgets->get_widget_control(Array)
#4 /app/public/wp-includes/class-wp-customize-widgets.php(690): WP_Customize_Widgets->get_available_widgets()
#5 /app/public/wp-includes/class-wp-hook.php(286): WP_Customize_Widgets->enqueue_scripts('')
#6 /app/public/wp-includes/class-wp-hook.php(310): WP_Hook->apply_filters(NULL, Array)
#7 /app/public/wp-includes/plugin.php(465): WP_Hook->do_action(Array)
#8 /app/public/wp-admin/customize.php(123): do_action('customize_contr...')
#9 {main}
  thrown in /app/public/wp-content/plugins/gymfitness_widgets/gymfitness_widget.php on line 86
[25-Oct-2019 02:35:02 UTC] PHP Parse error:  syntax error, unexpected ';', expecting ',' or ')' in /app/public/wp-content/plugins/gymfitness_widgets/gymfitness_widget.php on line 96
[25-Oct-2019 16:17:09 UTC] PHP Fatal error:  Uncaught Error: Class 'Foo_Widget' not found in /app/public/wp-includes/class-wp-widget-factory.php:100
Stack trace:
#0 /app/public/wp-includes/widgets.php(115): WP_Widget_Factory->register('Foo_Widget')
#1 /app/public/wp-content/plugins/gymfitness_widgets/gymfitness_widget.php(82): register_widget('Foo_Widget')
#2 /app/public/wp-includes/class-wp-hook.php(286): gymfitness_registrar_widget('')
#3 /app/public/wp-includes/class-wp-hook.php(310): WP_Hook->apply_filters('', Array)
#4 /app/public/wp-includes/plugin.php(465): WP_Hook->do_action(Array)
#5 /app/public/wp-includes/widgets.php(1715): do_action('widgets_init')
#6 /app/public/wp-includes/class-wp-hook.php(286): wp_widgets_init('')
#7 /app/public/wp-includes/class-wp-hook.php(310): WP_Hook->apply_filters(NULL, Array)
#8 /app/public/wp-includes/plugin.php(465): WP_Hook->do_action(Array)
#9 /app/public/wp-settings.php(525): do_action('init')
#10 /app/public/wp-config.php(76): require_once('/app/public/wp-...')
#11 /app/public/wp-load.php(37): require_once(' in /app/public/wp-includes/class-wp-widget-factory.php on line 100
[25-Oct-2019 16:17:46 UTC] PHP Fatal error:  Uncaught Error: Class 'Foo_Widget' not found in /app/public/wp-includes/class-wp-widget-factory.php:100
Stack trace:
#0 /app/public/wp-includes/widgets.php(115): WP_Widget_Factory->register('Foo_Widget')
#1 /app/public/wp-content/plugins/gymfitness_widgets/gymfitness_widget.php(82): register_widget('Foo_Widget')
#2 /app/public/wp-includes/class-wp-hook.php(286): gymfitness_registrar_widget('')
#3 /app/public/wp-includes/class-wp-hook.php(310): WP_Hook->apply_filters('', Array)
#4 /app/public/wp-includes/plugin.php(465): WP_Hook->do_action(Array)
#5 /app/public/wp-includes/widgets.php(1715): do_action('widgets_init')
#6 /app/public/wp-includes/class-wp-hook.php(286): wp_widgets_init('')
#7 /app/public/wp-includes/class-wp-hook.php(310): WP_Hook->apply_filters(NULL, Array)
#8 /app/public/wp-includes/plugin.php(465): WP_Hook->do_action(Array)
#9 /app/public/wp-settings.php(525): do_action('init')
#10 /app/public/wp-config.php(76): require_once('/app/public/wp-...')
#11 /app/public/wp-load.php(37): require_once(' in /app/public/wp-includes/class-wp-widget-factory.php on line 100
[25-Oct-2019 17:31:10 UTC] PHP Parse error:  syntax error, unexpected '<' in /app/public/wp-content/plugins/gymfitness_widgets/gymfitness_widget.php on line 90
[25-Oct-2019 17:33:11 UTC] PHP Parse error:  syntax error, unexpected '<' in /app/public/wp-content/plugins/gymfitness_widgets/gymfitness_widget.php on line 90
[25-Oct-2019 17:35:12 UTC] PHP Parse error:  syntax error, unexpected '<' in /app/public/wp-content/plugins/gymfitness_widgets/gymfitness_widget.php on line 90
[25-Oct-2019 17:37:13 UTC] PHP Parse error:  syntax error, unexpected '<' in /app/public/wp-content/plugins/gymfitness_widgets/gymfitness_widget.php on line 90
[25-Oct-2019 17:39:14 UTC] PHP Parse error:  syntax error, unexpected '<' in /app/public/wp-content/plugins/gymfitness_widgets/gymfitness_widget.php on line 90
[25-Oct-2019 17:41:15 UTC] PHP Parse error:  syntax error, unexpected '<' in /app/public/wp-content/plugins/gymfitness_widgets/gymfitness_widget.php on line 90
[25-Oct-2019 17:43:16 UTC] PHP Parse error:  syntax error, unexpected '<' in /app/public/wp-content/plugins/gymfitness_widgets/gymfitness_widget.php on line 90
[25-Oct-2019 17:45:17 UTC] PHP Parse error:  syntax error, unexpected '<' in /app/public/wp-content/plugins/gymfitness_widgets/gymfitness_widget.php on line 90
[25-Oct-2019 17:47:18 UTC] PHP Parse error:  syntax error, unexpected '<' in /app/public/wp-content/plugins/gymfitness_widgets/gymfitness_widget.php on line 90
[25-Oct-2019 17:49:19 UTC] PHP Parse error:  syntax error, unexpected '<' in /app/public/wp-content/plugins/gymfitness_widgets/gymfitness_widget.php on line 90
[25-Oct-2019 17:51:20 UTC] PHP Parse error:  syntax error, unexpected '<' in /app/public/wp-content/plugins/gymfitness_widgets/gymfitness_widget.php on line 90
[25-Oct-2019 17:52:21 UTC] PHP Parse error:  syntax error, unexpected '<' in /app/public/wp-content/plugins/gymfitness_widgets/gymfitness_widget.php on line 90
[25-Oct-2019 17:54:22 UTC] PHP Parse error:  syntax error, unexpected '<' in /app/public/wp-content/plugins/gymfitness_widgets/gymfitness_widget.php on line 90
[25-Oct-2019 17:55:24 UTC] PHP Warning:  Use of undefined constant instance - assumed 'instance' (this will throw an Error in a future version of PHP) in /app/public/wp-content/plugins/gymfitness_widgets/gymfitness_widget.php on line 86
[25-Oct-2019 17:55:24 UTC] PHP Warning:  Use of undefined constant instance - assumed 'instance' (this will throw an Error in a future version of PHP) in /app/public/wp-content/plugins/gymfitness_widgets/gymfitness_widget.php on line 86
[25-Oct-2019 18:58:28 UTC] PHP Warning:  Use of undefined constant instance - assumed 'instance' (this will throw an Error in a future version of PHP) in /app/public/wp-content/plugins/gymfitness_widgets/gymfitness_widget.php on line 86
[25-Oct-2019 18:58:28 UTC] PHP Warning:  Use of undefined constant instance - assumed 'instance' (this will throw an Error in a future version of PHP) in /app/public/wp-content/plugins/gymfitness_widgets/gymfitness_widget.php on line 86
[25-Oct-2019 22:02:30 UTC] PHP Parse error:  syntax error, unexpected '<' in /app/public/wp-content/themes/gymfitnesss/page-galerias.php on line 17
[25-Oct-2019 23:36:39 UTC] PHP Parse error:  syntax error, unexpected end of file in /app/public/wp-content/themes/gymfitnesss/home.php on line 13
[25-Oct-2019 23:39:09 UTC] PHP Fatal error:  Uncaught Error: Call to undefined function hace_posts() in /app/public/wp-content/themes/gymfitnesss/home.php:4
Stack trace:
#0 /app/public/wp-includes/template-loader.php(78): include()
#1 /app/public/wp-blog-header.php(19): require_once('/app/public/wp-...')
#2 /app/public/index.php(17): require('/app/public/wp-...')
#3 {main}
  thrown in /app/public/wp-content/themes/gymfitnesss/home.php on line 4
[25-Oct-2019 23:51:20 UTC] PHP Fatal error:  Uncaught Error: Call to undefined function get_autor_post_url() in /app/public/wp-content/themes/gymfitnesss/home.php:13
Stack trace:
#0 /app/public/wp-includes/template-loader.php(78): include()
#1 /app/public/wp-blog-header.php(19): require_once('/app/public/wp-...')
#2 /app/public/index.php(17): require('/app/public/wp-...')
#3 {main}
  thrown in /app/public/wp-content/themes/gymfitnesss/home.php on line 13
[25-Oct-2019 23:52:16 UTC] PHP Fatal error:  Uncaught Error: Call to undefined function get_author_post_url() in /app/public/wp-content/themes/gymfitnesss/home.php:13
Stack trace:
#0 /app/public/wp-includes/template-loader.php(78): include()
#1 /app/public/wp-blog-header.php(19): require_once('/app/public/wp-...')
#2 /app/public/index.php(17): require('/app/public/wp-...')
#3 {main}
  thrown in /app/public/wp-content/themes/gymfitnesss/home.php on line 13
[26-Oct-2019 04:10:55 UTC] PHP Parse error:  syntax error, unexpected '<' in /app/public/wp-content/themes/gymfitnesss/functions.php on line 40
[26-Oct-2019 04:24:02 UTC] PHP Warning:  A non-numeric value encountered in /app/public/wp-content/themes/gymfitnesss/functions.php on line 5
[26-Oct-2019 04:24:02 UTC] PHP Warning:  A non-numeric value encountered in /app/public/wp-content/themes/gymfitnesss/functions.php on line 5
[26-Oct-2019 04:24:02 UTC] PHP Warning:  require(0): failed to open stream: No such file or directory in /app/public/wp-content/themes/gymfitnesss/functions.php on line 5
[26-Oct-2019 04:24:02 UTC] PHP Fatal error:  require(): Failed opening required '0' (include_path='.:/usr/share/php:/www/wp-content/pear') in /app/public/wp-content/themes/gymfitnesss/functions.php on line 5
[26-Oct-2019 04:24:42 UTC] PHP Warning:  A non-numeric value encountered in /app/public/wp-content/themes/gymfitnesss/functions.php on line 5
[26-Oct-2019 04:24:42 UTC] PHP Warning:  A non-numeric value encountered in /app/public/wp-content/themes/gymfitnesss/functions.php on line 5
[26-Oct-2019 04:24:42 UTC] PHP Warning:  require(0): failed to open stream: No such file or directory in /app/public/wp-content/themes/gymfitnesss/functions.php on line 5
[26-Oct-2019 04:24:42 UTC] PHP Fatal error:  require(): Failed opening required '0' (include_path='.:/usr/share/php:/www/wp-content/pear') in /app/public/wp-content/themes/gymfitnesss/functions.php on line 5
[26-Oct-2019 04:24:55 UTC] PHP Warning:  A non-numeric value encountered in /app/public/wp-content/themes/gymfitnesss/functions.php on line 5
[26-Oct-2019 04:24:55 UTC] PHP Warning:  A non-numeric value encountered in /app/public/wp-content/themes/gymfitnesss/functions.php on line 5
[26-Oct-2019 04:24:55 UTC] PHP Warning:  require(0): failed to open stream: No such file or directory in /app/public/wp-content/themes/gymfitnesss/functions.php on line 5
[26-Oct-2019 04:24:55 UTC] PHP Fatal error:  require(): Failed opening required '0' (include_path='.:/usr/share/php:/www/wp-content/pear') in /app/public/wp-content/themes/gymfitnesss/functions.php on line 5
[26-Oct-2019 04:24:55 UTC] PHP Warning:  A non-numeric value encountered in /app/public/wp-content/themes/gymfitnesss/functions.php on line 5
[26-Oct-2019 04:24:55 UTC] PHP Warning:  A non-numeric value encountered in /app/public/wp-content/themes/gymfitnesss/functions.php on line 5
[26-Oct-2019 04:24:55 UTC] PHP Warning:  require(0): failed to open stream: No such file or directory in /app/public/wp-content/themes/gymfitnesss/functions.php on line 5
[26-Oct-2019 04:24:55 UTC] PHP Fatal error:  require(): Failed opening required '0' (include_path='.:/usr/share/php:/www/wp-content/pear') in /app/public/wp-content/themes/gymfitnesss/functions.php on line 5
[26-Oct-2019 04:25:32 UTC] PHP Warning:  A non-numeric value encountered in /app/public/wp-content/themes/gymfitnesss/functions.php on line 5
[26-Oct-2019 04:25:32 UTC] PHP Warning:  A non-numeric value encountered in /app/public/wp-content/themes/gymfitnesss/functions.php on line 5
[26-Oct-2019 04:25:32 UTC] PHP Warning:  require(0): failed to open stream: No such file or directory in /app/public/wp-content/themes/gymfitnesss/functions.php on line 5
[26-Oct-2019 04:25:32 UTC] PHP Fatal error:  require(): Failed opening required '0' (include_path='.:/usr/share/php:/www/wp-content/pear') in /app/public/wp-content/themes/gymfitnesss/functions.php on line 5
[26-Oct-2019 04:27:38 UTC] PHP Parse error:  syntax error, unexpected 'echo' (T_ECHO), expecting ',' or ';' in /app/public/wp-content/themes/gymfitnesss/inc/shortcode.php on line 7
[27-Oct-2019 02:11:31 UTC] PHP Fatal error:  Uncaught Error: Call to undefined function bldy_class() in /app/public/wp-content/themes/gymfitnesss/header-front.php:9
Stack trace:
#0 /app/public/wp-includes/template.php(722): require_once()
#1 /app/public/wp-includes/template.php(671): load_template('/app/public/wp-...', true)
#2 /app/public/wp-includes/general-template.php(41): locate_template(Array, true)
#3 /app/public/wp-content/themes/gymfitnesss/front-page.php(1): get_header('front')
#4 /app/public/wp-includes/template-loader.php(78): include('/app/public/wp-...')
#5 /app/public/wp-blog-header.php(19): require_once('/app/public/wp-...')
#6 /app/public/index.php(17): require('/app/public/wp-...')
#7 {main}
  thrown in /app/public/wp-content/themes/gymfitnesss/header-front.php on line 9
[27-Oct-2019 02:11:36 UTC] PHP Fatal error:  Uncaught Error: Call to undefined function bldy_class() in /app/public/wp-content/themes/gymfitnesss/header-front.php:9
Stack trace:
#0 /app/public/wp-includes/template.php(722): require_once()
#1 /app/public/wp-includes/template.php(671): load_template('/app/public/wp-...', true)
#2 /app/public/wp-includes/general-template.php(41): locate_template(Array, true)
#3 /app/public/wp-content/themes/gymfitnesss/front-page.php(1): get_header('front')
#4 /app/public/wp-includes/template-loader.php(78): include('/app/public/wp-...')
#5 /app/public/wp-blog-header.php(19): require_once('/app/public/wp-...')
#6 /app/public/index.php(17): require('/app/public/wp-...')
#7 {main}
  thrown in /app/public/wp-content/themes/gymfitnesss/header-front.php on line 9
[27-Oct-2019 03:56:44 UTC] PHP Fatal error:  Uncaught Error: Call to undefined function gymfintes_lista_clases() in /app/public/wp-content/themes/gymfitnesss/front-page.php:47
Stack trace:
#0 /app/public/wp-includes/template-loader.php(78): include()
#1 /app/public/wp-blog-header.php(19): require_once('/app/public/wp-...')
#2 /app/public/index.php(17): require('/app/public/wp-...')
#3 {main}
  thrown in /app/public/wp-content/themes/gymfitnesss/front-page.php on line 47
[27-Oct-2019 04:24:09 UTC] PHP Parse error:  syntax error, unexpected 'a' (T_STRING) in /app/public/wp-content/themes/gymfitnesss/front-page.php on line 74
[27-Oct-2019 17:42:30 UTC] PHP Fatal error:  Uncaught Error: Call to a member function have_posts() on null in /app/public/wp-content/themes/gymfitnesss/front-page.php:95
Stack trace:
#0 /app/public/wp-includes/template-loader.php(78): include()
#1 /app/public/wp-blog-header.php(19): require_once('/app/public/wp-...')
#2 /app/public/index.php(17): require('/app/public/wp-...')
#3 {main}
  thrown in /app/public/wp-content/themes/gymfitnesss/front-page.php on line 95
[27-Oct-2019 17:59:54 UTC] PHP Fatal error:  Uncaught Error: Call to a member function have_posts() on null in /app/public/wp-content/themes/gymfitnesss/front-page.php:95
Stack trace:
#0 /app/public/wp-includes/template-loader.php(78): include()
#1 /app/public/wp-blog-header.php(19): require_once('/app/public/wp-...')
#2 /app/public/index.php(17): require('/app/public/wp-...')
#3 {main}
  thrown in /app/public/wp-content/themes/gymfitnesss/front-page.php on line 95
[27-Oct-2019 18:00:15 UTC] PHP Fatal error:  Uncaught Error: Call to a member function have_posts() on null in /app/public/wp-content/themes/gymfitnesss/front-page.php:95
Stack trace:
#0 /app/public/wp-includes/template-loader.php(78): include()
#1 /app/public/wp-blog-header.php(19): require_once('/app/public/wp-...')
#2 /app/public/index.php(17): require('/app/public/wp-...')
#3 {main}
  thrown in /app/public/wp-content/themes/gymfitnesss/front-page.php on line 95
